1st semester of the Random U
1 is taking Statistical Mechanics from Computer Science
1 is taking Turn-of-the-Millennium Technology from Computer Science
1 is taking Creative Writing from Elective Courses
1 is taking Early Starfleet History from Elective Courses
1 took Statistical Mechanics and finished successfully
1 took Turn-of-the-Millennium Technology and finished successfully
1 quits course Creative Writing
1 took Early Starfleet History and finished successfully
2nd semester of the Random U
3rd semester of the Random U
1 is taking Creative Writing from Elective Courses
1 took Creative Writing and finished successfully
4th semester of the Random U
1 is taking Basic Warp Design from Computer Science
1 took Basic Warp Design and finished successfully
5th semester of the Random U
1 is taking Transporter Theory from Computer Science
1 is taking Elementary Temporal Mechanics from Computer Science
1 quits course Transporter Theory
1 took Elementary Temporal Mechanics and finished unsuccessfully
6th semester of the Random U
7th semester of the Random U
1 is taking Elementary Temporal Mechanics from Computer Science
1 is taking Transporter Theory from Computer Science
1 quits course Transporter Theory
1 took Elementary Temporal Mechanics and finished successfully
8th semester of the Random U
1 has not graduated
